<?xml version="1.0" encoding="UTF-8"?>
<testsuite xmlns:xsi="http://www.w3.org/2001/XMLSchema-instance" xsi:noNamespaceSchemaLocation="https://maven.apache.org/surefire/maven-surefire-plugin/xsd/surefire-test-report.xsd" version="3.0.1" name="TestRunner.BookFlightTicketTest" time="14.282" tests="1" errors="0" skipped="0" failures="0">
  <properties>
[...]
</properties>
  <testcase name="Check User can able to book flight ticket with valid credentials" classname="Book Flight Ticket" time="14.015">
    <system-out><![CDATA[
@tag @BoockFlightTicket
Scenario: Check User can able to book flight ticket with valid credentials         &amp#27;[90m# FeatureFiles/BookFlightTicket.feature:23&amp#27;[0m
  &amp#27;[32mGiven &amp#27;[0m&amp#27;[32mI Open Browser with url &amp#27;[0m&amp#27;[32m&amp#27;[1m"https://flights.qedgetech.com"&amp#27;[0m                    &amp#27;[90m# StepDefinitions.StepFunctions.i_open_browser_with_url(java.lang.String)&amp#27;[0m
Valid Page
  &amp#27;[32mThen &amp#27;[0m&amp#27;[32mI should see Login Page&amp#27;[0m                                                     &amp#27;[90m# StepDefinitions.StepFunctions.i_should_see_login_page()&amp#27;[0m
  &amp#27;[32mWhen &amp#27;[0m&amp#27;[32mI Enter UserName as &amp#27;[0m&amp#27;[32m&amp#27;[1m"interiautest@gmail.com"&amp#27;[0m                                &amp#27;[90m# StepDefinitions.StepFunctions.i_enter_user_name_as(java.lang.String)&amp#27;[0m
  &amp#27;[32mWhen &amp#27;[0m&amp#27;[32mI Enter PassWord as &amp#27;[0m&amp#27;[32m&amp#27;[1m"Dsop@123"&amp#27;[0m                                              &amp#27;[90m# StepDefinitions.StepFunctions.i_enter_pass_word_as(java.lang.String)&amp#27;[0m
  &amp#27;[32mAnd &amp#27;[0m&amp#27;[32mI click Sign In&amp#27;[0m                                                              &amp#27;[90m# StepDefinitions.StepFunctions.i_click_sign_in()&amp#27;[0m
  &amp#27;[32mThen &amp#27;[0m&amp#27;[32mI should see User DashBoard&amp#27;[0m                                                 &amp#27;[90m# StepDefinitions.StepFunctions.i_should_see_user_dash_board()&amp#27;[0m
  &amp#27;[32mWhen &amp#27;[0m&amp#27;[32mI Enter Flight Resrvation Date as &amp#27;[0m&amp#27;[32m&amp#27;[1m"06/25/2025"&amp#27;[0m                              &amp#27;[90m# StepDefinitions.StepFunctions.i_enter_flight_resrvation_date_as(java.lang.String)&amp#27;[0m
  &amp#27;[32mWhen &amp#27;[0m&amp#27;[32mI select Flight from &amp#27;[0m&amp#27;[32m&amp#27;[1m"Hyderabad"&amp#27;[0m                                            &amp#27;[90m# StepDefinitions.StepFunctions.i_select_flight_from(java.lang.String)&amp#27;[0m
  &amp#27;[32mWhen &amp#27;[0m&amp#27;[32mI select Flight To &amp#27;[0m&amp#27;[32m&amp#27;[1m"Kolkatha"&amp#27;[0m                                               &amp#27;[90m# StepDefinitions.StepFunctions.i_select_flight_to(java.lang.String)&amp#27;[0m
  &amp#27;[32mAnd &amp#27;[0m&amp#27;[32mI Click Search Flights&amp#27;[0m                                                       &amp#27;[90m# StepDefinitions.StepFunctions.i_click_search_flights()&amp#27;[0m
  &amp#27;[32mWhen &amp#27;[0m&amp#27;[32mI select airline as &amp#27;[0m&amp#27;[32m&amp#27;[1m"King Fisher Airlines"&amp#27;[0m&amp#27;[32m from Flight search results table&amp#27;[0m &amp#27;[90m# StepDefinitions.StepFunctions.i_select_airline_as_from_flight_search_results_table(java.lang.String)&amp#27;[0m
  &amp#27;[32mWhen &amp#27;[0m&amp#27;[32mI Enter Passeger Name as &amp#27;[0m&amp#27;[32m&amp#27;[1m"Sridhar Parutabad"&amp#27;[0m                                &amp#27;[90m# StepDefinitions.StepFunctions.i_enter_passeger_name_as(java.lang.String)&amp#27;[0m
  &amp#27;[32mWhen &amp#27;[0m&amp#27;[32mI Select Flight class as &amp#27;[0m&amp#27;[32m&amp#27;[1m"First Class"&amp#27;[0m                                      &amp#27;[90m# StepDefinitions.StepFunctions.i_select_flight_class_as(java.lang.String)&amp#27;[0m
  &amp#27;[32mAnd &amp#27;[0m&amp#27;[32mI Enter Number of Tickets as &amp#27;[0m&amp#27;[32m&amp#27;[1m"5"&amp#27;[0m                                             &amp#27;[90m# StepDefinitions.StepFunctions.i_enter_number_of_tickets_as(java.lang.String)&amp#27;[0m
  &amp#27;[32mWhen &amp#27;[0m&amp#27;[32mI should take Screen Shot of order information&amp#27;[0m                              &amp#27;[90m# StepDefinitions.StepFunctions.i_should_take_screen_shot_of_order_information()&amp#27;[0m
  &amp#27;[32mWhen &amp#27;[0m&amp#27;[32mI Click Insert Order&amp#27;[0m                                                        &amp#27;[90m# StepDefinitions.StepFunctions.i_click_insert_order()&amp#27;[0m
  &amp#27;[32mThen &amp#27;[0m&amp#27;[32mI should see Order Success Message&amp#27;[0m                                          &amp#27;[90m# StepDefinitions.StepFunctions.i_should_see_order_success_message()&amp#27;[0m
  &amp#27;[32mWhen &amp#27;[0m&amp#27;[32mI click Logout&amp#27;[0m                                                              &amp#27;[90m# StepDefinitions.StepFunctions.i_click_logout()&amp#27;[0m
Valid Page
  &amp#27;[32mThen &amp#27;[0m&amp#27;[32mI Should See Login Page after Logout&amp#27;[0m                                        &amp#27;[90m# StepDefinitions.StepFunctions.i_should_see_login_page_after_logout()&amp#27;[0m
  &amp#27;[32mAnd &amp#27;[0m&amp#27;[32mI Close Browser&amp#27;[0m                                                              &amp#27;[90m# StepDefinitions.StepFunctions.i_close_browser()&amp#27;[0m
]]></system-out>
    <system-err><![CDATA[Oct 25, 2024 11:18:12 AM org.openqa.selenium.devtools.CdpVersionFinder findNearestMatch
WARNING: Unable to find an exact match for CDP version 130, returning the closest version; found: 129; Please update to a Selenium version that supports CDP version 130
]]></system-err>
  </testcase>
</testsuite>